<?xml version="1.0" encoding="UTF-8"?>
<testsuite name="api-diagnostics" tests="5" failures="0" skipped="4"><testcase name="routes" time="0.737"/><testcase name="health-batch" time="0"><skipped message="Skipped (no local API server detected; run `npm run dev` and retry)."/></testcase><testcase name="perf" time="0"><skipped message="Skipped (no local API server detected; run `npm run dev` and retry)."/></testcase><testcase name="schema-sanity" time="0"><skipped message="Skipped (no local API server detected)."/></testcase><testcase name="openapi-conformance" time="0"><skipped message="Skipped (no --openapi file provided)."/></testcase></testsuite>
